<?xml version="1.0" encoding="UTF-8"?>
<Site BuildName="Darwin-clang++"
	BuildStamp="20230702-1723-Experimental"
	Name="Lazar.local"
	Generator="ctest-3.23.4"
	CompilerName="/usr/bin/clang++"
	CompilerVersion="13.0.0.13000029"
	OSName="macOS"
	Hostname="Lazar.local"
	OSRelease="11.7.4"
	OSVersion="20G1120"
	OSPlatform="x86_64"
	Is64Bits="1"
	VendorString="GenuineIntel"
	VendorID="Intel Corporation"
	FamilyID="6"
	ModelID="69"
	ProcessorCacheSize="32768"
	NumberOfLogicalCPU="4"
	NumberOfPhysicalCPU="2"
	TotalVirtualMemory="1024"
	TotalPhysicalMemory="8192"
	LogicalProcessorsPerPhysical="8"
	ProcessorClockFrequency="2600"
	>
	<Testing>
		<StartDateTime>Jul 02 20:05 CEST</StartDateTime>
		<StartTestTime>1688321147</StartTestTime>
		<TestList/>
		<EndDateTime>Jul 02 20:05 CEST</EndDateTime>
		<EndTestTime>1688321147</EndTestTime>
		<ElapsedMinutes>0</ElapsedMinutes>
	</Testing>
</Site>
